2025-08-15 18:49:49,407 [Worker-7: Loading available Gradle versions] INFO  o.e.b.c.i.u.g.PublishedGradleVersions - Gradle version information cache is not available. Remote download required.
2025-08-15 19:23:41,805 [Worker-4: Import Getting Started Content] INFO  o.e.m.c.i.l.LifecycleMappingFactory - Using org.eclipse.m2e.jdt.JarLifecycleMapping lifecycle mapping for MavenProject: com.rajtech:SpringAngularProj:0.0.1-SNAPSHOT @ C:\2025\FSJRTP - 1\SpringAngular\SpringAngularProj\pom.xml.
2025-08-15 19:23:43,058 [Worker-4: Import Getting Started Content] INFO  o.e.m.j.i.AbstractJavaProjectConfigurator - Adding source folder /SpringAngularProj/src/main/java
2025-08-15 19:23:43,059 [Worker-4: Import Getting Started Content] INFO  o.e.m.j.i.AbstractJavaProjectConfigurator - Adding resource folder /SpringAngularProj/src/main/resources
2025-08-15 19:23:43,061 [Worker-4: Import Getting Started Content] INFO  o.e.m.j.i.AbstractJavaProjectConfigurator - Adding resource folder /SpringAngularProj/src/main/resources
2025-08-15 19:23:43,066 [Worker-4: Import Getting Started Content] INFO  o.e.m.j.i.AbstractJavaProjectConfigurator - Adding source folder /SpringAngularProj/src/test/java
2025-08-15 19:23:43,066 [Worker-4: Import Getting Started Content] INFO  o.e.m.j.i.AbstractJavaProjectConfigurator - Adding resource folder /SpringAngularProj/src/test/resources
2025-08-15 19:23:43,809 [Worker-4: Import Getting Started Content] INFO  o.e.m.c.i.p.ProjectConfigurationManager - Imported and configured 1 project(s) in 3 sec
2025-08-15 19:23:43,811 [Worker-4: Import Getting Started Content] INFO  o.e.m.c.i.p.ProjectConfigurationManager - Update started
2025-08-15 19:23:44,102 [Worker-4: Import Getting Started Content] INFO  o.e.m.c.i.l.LifecycleMappingFactory - Using org.eclipse.m2e.jdt.JarLifecycleMapping lifecycle mapping for MavenProject: com.rajtech:SpringAngularProj:0.0.1-SNAPSHOT @ C:\2025\FSJRTP - 1\SpringAngular\SpringAngularProj\pom.xml.
2025-08-15 19:23:44,557 [Worker-4: Import Getting Started Content] INFO  o.e.m.j.i.AbstractJavaProjectConfigurator - Adding source folder /SpringAngularProj/src/main/java
2025-08-15 19:23:44,557 [Worker-4: Import Getting Started Content] INFO  o.e.m.j.i.AbstractJavaProjectConfigurator - Adding resource folder /SpringAngularProj/src/main/resources
2025-08-15 19:23:44,558 [Worker-4: Import Getting Started Content] INFO  o.e.m.j.i.AbstractJavaProjectConfigurator - Adding resource folder /SpringAngularProj/src/main/resources
2025-08-15 19:23:44,558 [Worker-4: Import Getting Started Content] INFO  o.e.m.j.i.AbstractJavaProjectConfigurator - Adding source folder /SpringAngularProj/src/test/java
2025-08-15 19:23:44,559 [Worker-4: Import Getting Started Content] INFO  o.e.m.j.i.AbstractJavaProjectConfigurator - Adding resource folder /SpringAngularProj/src/test/resources
2025-08-15 19:23:45,030 [Worker-4: Import Getting Started Content] INFO  o.e.m.c.i.p.ProjectConfigurationManager - Update completed for 1 poms: local refresh takes 0.00 sec, refresh facades takes 0.00 sec, update config takes 0.00 sec 
2025-08-15 19:23:46,125 [Worker-14: Building] INFO  o.a.m.s.f.DefaultMavenResourcesFiltering - Copying 1 resource from src\main\resources to target\classes
2025-08-15 19:23:46,151 [Worker-14: Building] INFO  o.a.m.s.f.DefaultMavenResourcesFiltering - Copying 0 resource from src\main\resources to target\classes
2025-08-15 19:23:46,159 [Worker-14: Building] INFO  o.a.m.s.f.DefaultMavenResourcesFiltering - skip non existing resourceDirectory C:\2025\FSJRTP - 1\SpringAngular\SpringAngularProj\src\test\resources
2025-08-15 19:24:50,788 [Worker-7: Building] INFO  o.a.m.s.f.DefaultMavenResourcesFiltering - Copying 1 resource from src\main\resources to target\classes
2025-08-15 19:24:50,792 [Worker-7: Building] INFO  o.a.m.s.f.DefaultMavenResourcesFiltering - Copying 0 resource from src\main\resources to target\classes
2025-08-15 19:24:50,796 [Worker-7: Building] INFO  o.a.m.s.f.DefaultMavenResourcesFiltering - skip non existing resourceDirectory C:\2025\FSJRTP - 1\SpringAngular\SpringAngularProj\src\test\resources
2025-08-15 19:26:12,052 [Worker-13: Building] INFO  o.a.m.s.f.DefaultMavenResourcesFiltering - Copying 1 resource from src\main\resources to target\classes
2025-08-15 19:26:12,057 [Worker-13: Building] INFO  o.a.m.s.f.DefaultMavenResourcesFiltering - Copying 0 resource from src\main\resources to target\classes
2025-08-15 19:26:12,060 [Worker-13: Building] INFO  o.a.m.s.f.DefaultMavenResourcesFiltering - skip non existing resourceDirectory C:\2025\FSJRTP - 1\SpringAngular\SpringAngularProj\src\test\resources
2025-08-15 19:27:31,035 [Worker-1: Building] INFO  o.a.m.s.f.DefaultMavenResourcesFiltering - Copying 1 resource from src\main\resources to target\classes
2025-08-15 19:27:31,046 [Worker-1: Building] INFO  o.a.m.s.f.DefaultMavenResourcesFiltering - Copying 0 resource from src\main\resources to target\classes
2025-08-15 19:27:31,066 [Worker-1: Building] INFO  o.a.m.s.f.DefaultMavenResourcesFiltering - skip non existing resourceDirectory C:\2025\FSJRTP - 1\SpringAngular\SpringAngularProj\src\test\resources
2025-08-15 19:27:45,829 [Worker-7: Building] INFO  o.a.m.s.f.DefaultMavenResourcesFiltering - Copying 1 resource from src\main\resources to target\classes
2025-08-15 19:27:45,833 [Worker-7: Building] INFO  o.a.m.s.f.DefaultMavenResourcesFiltering - Copying 0 resource from src\main\resources to target\classes
2025-08-15 19:27:45,836 [Worker-7: Building] INFO  o.a.m.s.f.DefaultMavenResourcesFiltering - skip non existing resourceDirectory C:\2025\FSJRTP - 1\SpringAngular\SpringAngularProj\src\test\resources
2025-08-15 19:29:06,395 [Worker-12: Building] INFO  o.a.m.s.f.DefaultMavenResourcesFiltering - Copying 1 resource from src\main\resources to target\classes
2025-08-15 19:29:06,400 [Worker-12: Building] INFO  o.a.m.s.f.DefaultMavenResourcesFiltering - Copying 0 resource from src\main\resources to target\classes
2025-08-15 19:29:06,404 [Worker-12: Building] INFO  o.a.m.s.f.DefaultMavenResourcesFiltering - skip non existing resourceDirectory C:\2025\FSJRTP - 1\SpringAngular\SpringAngularProj\src\test\resources
2025-08-15 19:31:53,397 [Start Help Server] INFO  org.eclipse.jetty.server.Server - jetty-12.0.21; built: 2025-05-09T00:32:00.688Z; git: 1c4719601e31b05b7d68910d2edd980259f1f53c; jvm 21.0.7+6-LTS
2025-08-15 19:31:53,464 [Start Help Server] INFO  o.e.j.server.handler.ContextHandler - Started oeje8n.ContextHandler$CoreContextHandler@716bbf76{/help,/help,b=null,a=AVAILABLE,h=oeje8n.ContextHandler$CoreContextHandler$CoreToNestedHandler@5ba47b1e{STARTED}}
2025-08-15 19:31:53,465 [Start Help Server] INFO  o.e.j.s.DefaultSessionIdManager - Session workerName=node0
2025-08-15 19:31:53,490 [Start Help Server] INFO  o.e.jetty.server.AbstractConnector - Started ServerConnector@350a3ece{HTTP/1.1, (http/1.1)}{127.0.0.1:57520}
2025-08-15 19:31:53,496 [Start Help Server] INFO  org.eclipse.jetty.server.Server - Started oejs.Server@3036c0f7{STARTING}[12.0.21,sto=0] @2620094ms
2025-08-15 19:31:56,312 [Worker-6: Building] INFO  o.a.m.s.f.DefaultMavenResourcesFiltering - Copying 1 resource from src\main\resources to target\classes
2025-08-15 19:31:56,317 [Worker-6: Building] INFO  o.a.m.s.f.DefaultMavenResourcesFiltering - Copying 0 resource from src\main\resources to target\classes
2025-08-15 19:31:56,319 [Worker-6: Building] INFO  o.a.m.s.f.DefaultMavenResourcesFiltering - skip non existing resourceDirectory C:\2025\FSJRTP - 1\SpringAngular\SpringAngularProj\src\test\resources
2025-08-15 19:33:16,439 [Worker-16: Building] INFO  o.a.m.s.f.DefaultMavenResourcesFiltering - Copying 1 resource from src\main\resources to target\classes
2025-08-15 19:33:16,456 [Worker-16: Building] INFO  o.a.m.s.f.DefaultMavenResourcesFiltering - Copying 0 resource from src\main\resources to target\classes
2025-08-15 19:33:16,461 [Worker-16: Building] INFO  o.a.m.s.f.DefaultMavenResourcesFiltering - skip non existing resourceDirectory C:\2025\FSJRTP - 1\SpringAngular\SpringAngularProj\src\test\resources
2025-08-15 19:58:27,176 [Stop Help Server] INFO  org.eclipse.jetty.server.Server - Stopped oejs.Server@3036c0f7{STOPPING}[12.0.21,sto=0]
2025-08-15 19:58:27,176 [Stop Help Server] INFO  o.e.jetty.server.AbstractConnector - Stopped ServerConnector@350a3ece{HTTP/1.1, (http/1.1)}{127.0.0.1:0}
